1687342648692	geckodriver	INFO	Listening on 127.0.0.1:52056
1687342650953	mozrunner::runner	INFO	Running command: "C:\\Program Files\\Mozilla Firefox\\firefox.exe" "--marionette" "-no-remote" "-profile" "C:\\Users\\Admin\\AppData\\Local\\Temp\\rust_mozprofileBdy8BG"
console.warn: services.settings: Ignoring preference override of remote settings server
console.warn: services.settings: Allow by setting MOZ_REMOTE_SETTINGS_DEVTOOLS=1 in the environment
1687342656955	Marionette	INFO	Marionette enabled
Dynamically enable window occlusion 0
1687342657040	Marionette	INFO	Listening on port 52074
Read port: 52074
Read port: 52074
1687342659252	RemoteAgent	WARN	TLS certificate errors will be ignored for this session
console.error: Region.sys.mjs: "Error fetching region" (new Error("TIMEOUT", "resource://gre/modules/Region.sys.mjs", 762))
console.error: Region.sys.mjs: "Failed to fetch region" (new Error("TIMEOUT", "resource://gre/modules/Region.sys.mjs", 414))
console.error: Region.sys.mjs: "Error fetching region" (new AbortError("The operation was aborted. ", (void 0), 760))
console.error: Region.sys.mjs: "Failed to fetch region" (new Error("NO_RESULT", "resource://gre/modules/Region.sys.mjs", 414))
console.warn: LoginRecipes: "Falling back to a synchronous message for: https://automation.credence.in."
console.warn: LoginRecipes: "Falling back to a synchronous message for: https://automation.credence.in."
1687342979222	Marionette	INFO	Stopped listening on port 52074
Dynamically enable window occlusion 1
ng command: "C:\\Program Files\\Mozilla Firefox\\firefox.exe" "--marionette" "-no-remote" "-profile" "C:\\Users\\Admin\\AppData\\Local\\Temp\\rust_mozprofilelJOHW0"
console.warn: services.settings: Ignoring preference override of remote settings server
console.warn: services.settings: Allow by setting MOZ_REMOTE_SETTINGS_DEVTOOLS=1 in the environment
1687342971599	Marionette	INFO	Marionette enabled
Dynamically enable window occlusion 0
1687342971631	Marionette	INFO	Listening on port 52192
Read port: 52192
1687342972094	RemoteAgent	WARN	TLS certificate errors will be ignored for this session
console.error: Region.sys.mjs: "Error fetching region" (new Error("TIMEOUT", "resource://gre/modules/Region.sys.mjs", 762))
console.error: Region.sys.mjs: "Failed to fetch region" (new Error("TIMEOUT", "resource://gre/modules/Region.sys.mjs", 414))
console.warn: LoginRecipes: "Falling back to a synchronous message for: https://opensource-demo.orangehrmlive.com."
console.warn: LoginRecipes: "Falling back to a synchronous message for: https://opensource-demo.orangehrmlive.com."
1687343156670	Marionette	INFO	Stopped listening on port 52192
Dynamically enable window occlusion 1
1687344876730	geckodriver	INFO	Listening on 127.0.0.1:52791
1687344879384	mozrunner::runner	INFO	Running command: "C:\\Program Files\\Mozilla Firefox\\firefox.exe" "--marionette" "-no-remote" "-profile" "C:\\Users\\Admin\\AppData\\Local\\Temp\\rust_mozprofileR1K8Zd"
console.warn: services.settings: Ignoring preference override of remote settings server
console.warn: services.settings: Allow by setting MOZ_REMOTE_SETTINGS_DEVTOOLS=1 in the environment
1687344881640	Marionette	INFO	Marionette enabled
Dynamically enable window occlusion 0
1687344881660	Marionette	INFO	Listening on port 52805
Read port: 52805
1687344882102	RemoteAgent	WARN	TLS certificate errors will be ignored for this session
console.error: Region.sys.mjs: "Error fetching region" (new Error("TIMEOUT", "resource://gre/modules/Region.sys.mjs", 762))
console.error: Region.sys.mjs: "Failed to fetch region" (new Error("TIMEOUT", "resource://gre/modules/Region.sys.mjs", 414))
JavaScript error: https://maxcdn.bootstrapcdn.com/bootstrap/3.3.6/js/bootstrap.min.js, line 6: Error: Bootstrap's JavaScript requires jQuery
console.warn: LoginRecipes: "Falling back to a synchronous message for: https://automation.credence.in."
console.warn: LoginRecipes: "Falling back to a synchronous message for: https://automation.credence.in."
1687345362665	Marionette	INFO	Stopped listening on port 52805
Dynamically enable window occlusion 1
1687347692876	geckodriver	INFO	Listening on 127.0.0.1:53456
1687347695229	mozrunner::runner	INFO	Running command: "C:\\Program Files\\Mozilla Firefox\\firefox.exe" "--marionette" "-no-remote" "-profile" "C:\\Users\\Admin\\AppData\\Local\\Temp\\rust_mozprofileTXeFyH"
console.warn: services.settings: Ignoring preference override of remote settings server
console.warn: services.settings: Allow by setting MOZ_REMOTE_SETTINGS_DEVTOOLS=1 in the environment
1687347699617	Marionette	INFO	Marionette enabled
Dynamically enable window occlusion 0
1687347699637	Marionette	INFO	Listening on port 53466
Read port: 53466
1687347700176	RemoteAgent	WARN	TLS certificate errors will be ignored for this session
console.error: Region.sys.mjs: "Error fetching region" (new Error("TIMEOUT", "resource://gre/modules/Region.sys.mjs", 762))
console.error: Region.sys.mjs: "Failed to fetch region" (new Error("TIMEOUT", "resource://gre/modules/Region.sys.mjs", 414))
[Parent 6384, IPC I/O Parent] WARNING: DuplicateHandle failed for handle 0 in TransferHandles: file /builds/worker/checkouts/gecko/ipc/chromium/src/chrome/common/ipc_channel_win.cc:787
JavaScript error: https://maxcdn.bootstrapcdn.com/bootstrap/3.3.6/js/bootstrap.min.js, line 6: Error: Bootstrap's JavaScript requires jQuery
console.error: Region.sys.mjs: "Error fetching region" (new Error("TIMEOUT", "resource://gre/modules/Region.sys.mjs", 762))
console.error: Region.sys.mjs: "Failed to fetch region" (new Error("TIMEOUT", "resource://gre/modules/Region.sys.mjs", 414))
console.warn: LoginRecipes: "Falling back to a synchronous message for: https://automation.credence.in."
console.warn: LoginRecipes: "Falling back to a synchronous message for: https://automation.credence.in."
1687347831674	Marionette	INFO	Stopped listening on port 53466
Dynamically enable window occlusion 1
JavaScript error: resource:///modules/WindowsJumpLists.jsm, line 270: TypeError: this._builder is undefined
JavaScript error: resource:///modules/WindowsJumpLists.jsm, line 270: TypeError: this._builder is undefined
override of remote settings server
console.warn: services.settings: Allow by setting MOZ_REMOTE_SETTINGS_DEVTOOLS=1 in the environment
1687347831603	Marionette	INFO	Marionette enabled
Dynamically enable window occlusion 0
1687347831627	Marionette	INFO	Listening on port 53539
Read port: 53539
1687347832189	RemoteAgent	WARN	TLS certificate errors will be ignored for this session
console.error: Region.sys.mjs: "Error fetching region" (new Error("TIMEOUT", "resource://gre/modules/Region.sys.mjs", 762))
console.error: Region.sys.mjs: "Failed to fetch region" (new Error("TIMEOUT", "resource://gre/modules/Region.sys.mjs", 414))
[Parent 3964, IPC I/O Parent] WARNING: DuplicateHandle failed for handle 0 in TransferHandles: file /builds/worker/checkouts/gecko/ipc/chromium/src/chrome/common/ipc_channel_win.cc:787
console.warn: LoginRecipes: "Falling back to a synchronous message for: https://automation.credence.in."
console.warn: LoginRecipes: "Falling back to a synchronous message for: https://automation.credence.in."
JavaScript error: resource://gre/actors/ContentMetaChild.sys.mjs, line 179: InvalidStateError: JSWindowActorChild.sendAsyncMessage: JSWindowActorChild cannot send at the moment
1687348006621	Marionette	INFO	Stopped listening on port 53539
Dynamically enable window occlusion 1
1687348011079	geckodriver	INFO	Listening on 127.0.0.1:53598
1687348013760	mozrunner::runner	INFO	Running command: "C:\\Program Files\\Mozilla Firefox\\firefox.exe" "--marionette" "-no-remote" "-profile" "C:\\Users\\Admin\\AppData\\Local\\Temp\\rust_mozprofilehzG856"
console.warn: services.settings: Ignoring preference override of remote settings server
console.warn: services.settings: Allow by setting MOZ_REMOTE_SETTINGS_DEVTOOLS=1 in the environment
1687348015678	Marionette	INFO	Marionette enabled
Dynamically enable window occlusion 0
1687348015697	Marionette	INFO	Listening on port 53608
Read port: 53608
1687348016173	RemoteAgent	WARN	TLS certificate errors will be ignored for this session
console.error: Region.sys.mjs: "Error fetching region" (new Error("TIMEOUT", "resource://gre/modules/Region.sys.mjs", 762))
console.error: Region.sys.mjs: "Failed to fetch region" (new Error("TIMEOUT", "resource://gre/modules/Region.sys.mjs", 414))
console.warn: LoginRecipes: "Falling back to a synchronous message for: https://automation.credence.in."
console.warn: LoginRecipes: "Falling back to a synchronous message for: https://automation.credence.in."
1687348125208	Marionette	INFO	Stopped listening on port 53608
Dynamically enable window occlusion 1
1687348126864	geckodriver	INFO	Listening on 127.0.0.1:53671
1687348129799	mozrunner::runner	INFO	Running command: "C:\\Program Files\\Mozilla Firefox\\firefox.exe" "--marionette" "-no-remote" "-profile" "C:\\Users\\Admin\\AppData\\Local\\Temp\\rust_mozprofilex0Ft7s"
console.warn: services.settings: Ignoring preference override of remote settings server
console.warn: services.settings: Allow by setting MOZ_REMOTE_SETTINGS_DEVTOOLS=1 in the environment
1687348131051	Marionette	INFO	Marionette enabled
Dynamically enable window occlusion 0
1687348131069	Marionette	INFO	Listening on port 53681
Read port: 53681
1687348131563	RemoteAgent	WARN	TLS certificate errors will be ignored for this session
console.error: Region.sys.mjs: "Error fetching region" (new Error("TIMEOUT", "resource://gre/modules/Region.sys.mjs", 762))
console.error: Region.sys.mjs: "Failed to fetch region" (new Error("TIMEOUT", "resource://gre/modules/Region.sys.mjs", 414))
console.error: (new TypeError("this._searchProviderInfo is null", "resource:///modules/SearchSERPTelemetry.sys.mjs", 638))
console.warn: LoginRecipes: "Falling back to a synchronous message for: https://automation.credence.in."
console.warn: LoginRecipes: "Falling back to a synchronous message for: https://automation.credence.in."
1687348263266	Marionette	INFO	Stopped listening on port 53681
Dynamically enable window occlusion 1
1687348268873	geckodriver	INFO	Listening on 127.0.0.1:53738
1687348271386	mozrunner::runner	INFO	Running command: "C:\\Program Files\\Mozilla Firefox\\firefox.exe" "--marionette" "-no-remote" "-profile" "C:\\Users\\Admin\\AppData\\Local\\Temp\\rust_mozprofileLXkjtj"
console.warn: services.settings: Ignoring preference override of remote settings server
console.warn: services.settings: Allow by setting MOZ_REMOTE_SETTINGS_DEVTOOLS=1 in the environment
1687348274007	Marionette	INFO	Marionette enabled
Dynamically enable window occlusion 0
1687348274025	Marionette	INFO	Listening on port 53748
Read port: 53748
1687348274445	RemoteAgent	WARN	TLS certificate errors will be ignored for this session
console.error: Region.sys.mjs: "Error fetching region" (new Error("TIMEOUT", "resource://gre/modules/Region.sys.mjs", 762))
console.error: Region.sys.mjs: "Failed to fetch region" (new Error("TIMEOUT", "resource://gre/modules/Region.sys.mjs", 414))
[Parent 7376, IPC I/O Parent] WARNING: DuplicateHandle failed for handle 0 in TransferHandles: file /builds/worker/checkouts/gecko/ipc/chromium/src/chrome/common/ipc_channel_win.cc:787
console.warn: LoginRecipes: "Falling back to a synchronous message for: https://automation.credence.in."
console.warn: LoginRecipes: "Falling back to a synchronous message for: https://automation.credence.in."
JavaScript error: , line 0: NS_ERROR_NOT_AVAILABLE
1687367850870	geckodriver	INFO	Listening on 127.0.0.1:54344
1687367854759	mozrunner::runner	INFO	Running command: "C:\\Program Files\\Mozilla Firefox\\firefox.exe" "--marionette" "-no-remote" "-profile" "C:\\Users\\Admin\\AppData\\Local\\Temp\\rust_mozprofilejpR2eO"
console.warn: services.settings: Ignoring preference override of remote settings server
console.warn: services.settings: Allow by setting MOZ_REMOTE_SETTINGS_DEVTOOLS=1 in the environment
1687367861651	Marionette	INFO	Marionette enabled
Dynamically enable window occlusion 0
1687367861784	Marionette	INFO	Listening on port 54354
Read port: 54354
Read port: 54354
Read port: 54354
1687367865434	RemoteAgent	WARN	TLS certificate errors will be ignored for this session
console.error: Region.sys.mjs: "Error fetching region" (new Error("TIMEOUT", "resource://gre/modules/Region.sys.mjs", 762))
console.error: Region.sys.mjs: "Failed to fetch region" (new Error("TIMEOUT", "resource://gre/modules/Region.sys.mjs", 414))
1687367923891	Marionette	WARN	TimedPromise timed out after 500 ms: stacktrace:
TimedPromise/<@chrome://remote/content/marionette/sync.sys.mjs:221:24
TimedPromise@chrome://remote/content/marionette/sync.sys.mjs:205:10
interaction.flushEventLoop@chrome://remote/content/marionette/interaction.sys.mjs:424:10
webdriverClickElement@chrome://remote/content/marionette/interaction.sys.mjs:173:31
1687367941766	Marionette	INFO	Stopped listening on port 54354
Dynamically enable window occlusion 1
console.error: services.settings: 
  Message: NetworkError: Network error: TypeError: NetworkError: Network request failed
  Stack:
    APIError@resource://services-settings/RemoteSettingsClient.sys.mjs:111:1
NetworkError@resource://services-settings/RemoteSettingsClient.sys.mjs:115:5
_adjustedError@resource://services-settings/RemoteSettingsClient.sys.mjs:911:14
maybeSync@resource://services-settings/RemoteSettingsClient.sys.mjs:816:38

console.warn: services.settings: main/addons-manager-settings sync interrupted by shutdown
console.warn: services.settings: main/doh-config sync interrupted by shutdown
console.warn: services.settings: main/devtools-devices sync interrupted by shutdown
console.error: (new AbortError("IndexedDB: main/websites-with-shared-credential-backends getLastModified() IndexedDB:  execute() A request was aborted, for example through a call to IDBTransaction.abort.", "resource://services-settings/IDBHelpers.jsm", 18))
1687368222674	geckodriver	INFO	Listening on 127.0.0.1:54446
1687368225294	mozrunner::runner	INFO	Running command: "C:\\Program Files\\Mozilla Firefox\\firefox.exe" "--marionette" "-no-remote" "-profile" "C:\\Users\\Admin\\AppData\\Local\\Temp\\rust_mozprofileSSnQWP"
console.warn: services.settings: Ignoring preference override of remote settings server
console.warn: services.settings: Allow by setting MOZ_REMOTE_SETTINGS_DEVTOOLS=1 in the environment
1687368227468	Marionette	INFO	Marionette enabled
Dynamically enable window occlusion 0
1687368227494	Marionette	INFO	Listening on port 54456
Read port: 54456
1687368228110	RemoteAgent	WARN	TLS certificate errors will be ignored for this session
console.error: Region.sys.mjs: "Error fetching region" (new Error("TIMEOUT", "resource://gre/modules/Region.sys.mjs", 762))
console.error: Region.sys.mjs: "Failed to fetch region" (new Error("TIMEOUT", "resource://gre/modules/Region.sys.mjs", 414))
1687368471889	Marionette	INFO	Stopped listening on port 54456
Dynamically enable window occlusion 1
ng command: "C:\\Program Files\\Mozilla Firefox\\firefox.exe" "--marionette" "-no-remote" "-profile" "C:\\Users\\Admin\\AppData\\Local\\Temp\\rust_mozprofileIJGX0j"
console.warn: services.settings: Ignoring preference override of remote settings server
console.warn: services.settings: Allow by setting MOZ_REMOTE_SETTINGS_DEVTOOLS=1 in the environment
1687368356068	Marionette	INFO	Marionette enabled
Dynamically enable window occlusion 0
1687368356093	Marionette	INFO	Listening on port 54538
Read port: 54538
1687368356799	RemoteAgent	WARN	TLS certificate errors will be ignored for this session
console.error: Region.sys.mjs: "Error fetching region" (new Error("TIMEOUT", "resource://gre/modules/Region.sys.mjs", 762))
console.error: Region.sys.mjs: "Failed to fetch region" (new Error("TIMEOUT", "resource://gre/modules/Region.sys.mjs", 414))
1687368396856	Marionette	WARN	TimedPromise timed out after 500 ms: stacktrace:
TimedPromise/<@chrome://remote/content/marionette/sync.sys.mjs:221:24
TimedPromise@chrome://remote/content/marionette/sync.sys.mjs:205:10
interaction.flushEventLoop@chrome://remote/content/marionette/interaction.sys.mjs:424:10
webdriverClickElement@chrome://remote/content/marionette/interaction.sys.mjs:173:31
1687368474307	Marionette	INFO	Stopped listening on port 54538
Dynamically enable window occlusion 1
1687368493316	geckodriver	INFO	Listening on 127.0.0.1:54606
1687368495874	mozrunner::runner	INFO	Running command: "C:\\Program Files\\Mozilla Firefox\\firefox.exe" "--marionette" "-no-remote" "-profile" "C:\\Users\\Admin\\AppData\\Local\\Temp\\rust_mozprofileu5wMu1"
console.warn: services.settings: Ignoring preference override of remote settings server
console.warn: services.settings: Allow by setting MOZ_REMOTE_SETTINGS_DEVTOOLS=1 in the environment
1687368499764	Marionette	INFO	Marionette enabled
Dynamically enable window occlusion 0
1687368499781	Marionette	INFO	Listening on port 54616
Read port: 54616
1687368500409	RemoteAgent	WARN	TLS certificate errors will be ignored for this session
console.error: Region.sys.mjs: "Error fetching region" (new Error("TIMEOUT", "resource://gre/modules/Region.sys.mjs", 762))
console.error: Region.sys.mjs: "Failed to fetch region" (new Error("TIMEOUT", "resource://gre/modules/Region.sys.mjs", 414))
1687368519152	Marionette	WARN	TimedPromise timed out after 500 ms: stacktrace:
TimedPromise/<@chrome://remote/content/marionette/sync.sys.mjs:221:24
TimedPromise@chrome://remote/content/marionette/sync.sys.mjs:205:10
interaction.flushEventLoop@chrome://remote/content/marionette/interaction.sys.mjs:424:10
webdriverClickElement@chrome://remote/content/marionette/interaction.sys.mjs:173:31
1687370147349	Marionette	INFO	Stopped listening on port 54616
Dynamically enable window occlusion 1
1687370677682	geckodriver	INFO	Listening on 127.0.0.1:55630
1687370680534	mozrunner::runner	INFO	Running command: "C:\\Program Files\\Mozilla Firefox\\firefox.exe" "--marionette" "-no-remote" "-profile" "C:\\Users\\Admin\\AppData\\Local\\Temp\\rust_mozprofile2TDD90"
console.warn: services.settings: Ignoring preference override of remote settings server
console.warn: services.settings: Allow by setting MOZ_REMOTE_SETTINGS_DEVTOOLS=1 in the environment
1687370684661	Marionette	INFO	Marionette enabled
Dynamically enable window occlusion 0
1687370684681	Marionette	INFO	Listening on port 55642
Read port: 55642
1687370685728	RemoteAgent	WARN	TLS certificate errors will be ignored for this session
console.error: Region.sys.mjs: "Error fetching region" (new Error("TIMEOUT", "resource://gre/modules/Region.sys.mjs", 762))
console.error: Region.sys.mjs: "Failed to fetch region" (new Error("TIMEOUT", "resource://gre/modules/Region.sys.mjs", 414))
1687372526562	Marionette	INFO	Stopped listening on port 55642
Dynamically enable window occlusion 1
ng command: "C:\\Program Files\\Mozilla Firefox\\firefox.exe" "--marionette" "-no-remote" "-profile" "C:\\Users\\Admin\\AppData\\Local\\Temp\\rust_mozprofilenlj8rR"
console.warn: services.settings: Ignoring preference override of remote settings server
console.warn: services.settings: Allow by setting MOZ_REMOTE_SETTINGS_DEVTOOLS=1 in the environment
1687370795276	Marionette	INFO	Marionette enabled
Dynamically enable window occlusion 0
1687370795297	Marionette	INFO	Listening on port 55720
Read port: 55720
1687370795854	RemoteAgent	WARN	TLS certificate errors will be ignored for this session
console.error: Region.sys.mjs: "Error fetching region" (new Error("TIMEOUT", "resource://gre/modules/Region.sys.mjs", 762))
console.error: Region.sys.mjs: "Failed to fetch region" (new Error("TIMEOUT", "resource://gre/modules/Region.sys.mjs", 414))
1687371656592	Marionette	INFO	Stopped listening on port 55720
Dynamically enable window occlusion 1
